CRITICAL - 2025-07-10 17:31:57 --> CodeIgniter\View\Exceptions\ViewException: Invalid file: "layout_main.php"
[Method: GET, Route: /]
in SYSTEMPATH\Exceptions\FrameworkException.php on line 39.
 1 SYSTEMPATH\View\View.php(212): CodeIgniter\Exceptions\FrameworkException::forInvalidFile('layout_main.php')
 2 SYSTEMPATH\View\View.php(240): CodeIgniter\View\View->render('layout_main', [], true)
 3 SYSTEMPATH\Common.php(1173): CodeIgniter\View\View->render('inicio', [], true)
 4 APPPATH\Controllers\Home.php(14): view('inicio', [...])
 5 SYSTEMPATH\CodeIgniter.php(933): App\Controllers\Home->index()
 6 SYSTEMPATH\CodeIgniter.php(507): CodeIgniter\CodeIgniter->runController(Object(App\Controllers\Home))
 7 SYSTEMPATH\CodeIgniter.php(354): CodeIgniter\CodeIgniter->handleRequest(null, Object(Config\Cache), false)
 8 SYSTEMPATH\Boot.php(334): CodeIgniter\CodeIgniter->run()
 9 SYSTEMPATH\Boot.php(67): CodeIgniter\Boot::runCodeIgniter(Object(CodeIgniter\CodeIgniter))
10 FCPATH\index.php(59): CodeIgniter\Boot::bootWeb(Object(Config\Paths))
CRITICAL - 2025-07-10 17:31:59 --> CodeIgniter\View\Exceptions\ViewException: Invalid file: "layout_main.php"
[Method: GET, Route: /]
in SYSTEMPATH\Exceptions\FrameworkException.php on line 39.
 1 SYSTEMPATH\View\View.php(212): CodeIgniter\Exceptions\FrameworkException::forInvalidFile('layout_main.php')
 2 SYSTEMPATH\View\View.php(240): CodeIgniter\View\View->render('layout_main', [], true)
 3 SYSTEMPATH\Common.php(1173): CodeIgniter\View\View->render('inicio', [], true)
 4 APPPATH\Controllers\Home.php(14): view('inicio', [...])
 5 SYSTEMPATH\CodeIgniter.php(933): App\Controllers\Home->index()
 6 SYSTEMPATH\CodeIgniter.php(507): CodeIgniter\CodeIgniter->runController(Object(App\Controllers\Home))
 7 SYSTEMPATH\CodeIgniter.php(354): CodeIgniter\CodeIgniter->handleRequest(null, Object(Config\Cache), false)
 8 SYSTEMPATH\Boot.php(334): CodeIgniter\CodeIgniter->run()
 9 SYSTEMPATH\Boot.php(67): CodeIgniter\Boot::runCodeIgniter(Object(CodeIgniter\CodeIgniter))
10 FCPATH\index.php(59): CodeIgniter\Boot::bootWeb(Object(Config\Paths))
CRITICAL - 2025-07-10 17:31:59 --> CodeIgniter\View\Exceptions\ViewException: Invalid file: "layout_main.php"
[Method: GET, Route: /]
in SYSTEMPATH\Exceptions\FrameworkException.php on line 39.
 1 SYSTEMPATH\View\View.php(212): CodeIgniter\Exceptions\FrameworkException::forInvalidFile('layout_main.php')
 2 SYSTEMPATH\View\View.php(240): CodeIgniter\View\View->render('layout_main', [], true)
 3 SYSTEMPATH\Common.php(1173): CodeIgniter\View\View->render('inicio', [], true)
 4 APPPATH\Controllers\Home.php(14): view('inicio', [...])
 5 SYSTEMPATH\CodeIgniter.php(933): App\Controllers\Home->index()
 6 SYSTEMPATH\CodeIgniter.php(507): CodeIgniter\CodeIgniter->runController(Object(App\Controllers\Home))
 7 SYSTEMPATH\CodeIgniter.php(354): CodeIgniter\CodeIgniter->handleRequest(null, Object(Config\Cache), false)
 8 SYSTEMPATH\Boot.php(334): CodeIgniter\CodeIgniter->run()
 9 SYSTEMPATH\Boot.php(67): CodeIgniter\Boot::runCodeIgniter(Object(CodeIgniter\CodeIgniter))
10 FCPATH\index.php(59): CodeIgniter\Boot::bootWeb(Object(Config\Paths))
CRITICAL - 2025-07-10 17:32:14 --> CodeIgniter\View\Exceptions\ViewException: Invalid file: "layout_main.php"
[Method: GET, Route: /]
in SYSTEMPATH\Exceptions\FrameworkException.php on line 39.
 1 SYSTEMPATH\View\View.php(212): CodeIgniter\Exceptions\FrameworkException::forInvalidFile('layout_main.php')
 2 SYSTEMPATH\View\View.php(240): CodeIgniter\View\View->render('layout_main', [], true)
 3 SYSTEMPATH\Common.php(1173): CodeIgniter\View\View->render('inicio', [], true)
 4 APPPATH\Controllers\Home.php(14): view('inicio', [...])
 5 SYSTEMPATH\CodeIgniter.php(933): App\Controllers\Home->index()
 6 SYSTEMPATH\CodeIgniter.php(507): CodeIgniter\CodeIgniter->runController(Object(App\Controllers\Home))
 7 SYSTEMPATH\CodeIgniter.php(354): CodeIgniter\CodeIgniter->handleRequest(null, Object(Config\Cache), false)
 8 SYSTEMPATH\Boot.php(334): CodeIgniter\CodeIgniter->run()
 9 SYSTEMPATH\Boot.php(67): CodeIgniter\Boot::runCodeIgniter(Object(CodeIgniter\CodeIgniter))
10 FCPATH\index.php(59): CodeIgniter\Boot::bootWeb(Object(Config\Paths))
CRITICAL - 2025-07-10 17:32:14 --> CodeIgniter\View\Exceptions\ViewException: Invalid file: "layout_main.php"
[Method: GET, Route: /]
in SYSTEMPATH\Exceptions\FrameworkException.php on line 39.
 1 SYSTEMPATH\View\View.php(212): CodeIgniter\Exceptions\FrameworkException::forInvalidFile('layout_main.php')
 2 SYSTEMPATH\View\View.php(240): CodeIgniter\View\View->render('layout_main', [], true)
 3 SYSTEMPATH\Common.php(1173): CodeIgniter\View\View->render('inicio', [], true)
 4 APPPATH\Controllers\Home.php(14): view('inicio', [...])
 5 SYSTEMPATH\CodeIgniter.php(933): App\Controllers\Home->index()
 6 SYSTEMPATH\CodeIgniter.php(507): CodeIgniter\CodeIgniter->runController(Object(App\Controllers\Home))
 7 SYSTEMPATH\CodeIgniter.php(354): CodeIgniter\CodeIgniter->handleRequest(null, Object(Config\Cache), false)
 8 SYSTEMPATH\Boot.php(334): CodeIgniter\CodeIgniter->run()
 9 SYSTEMPATH\Boot.php(67): CodeIgniter\Boot::runCodeIgniter(Object(CodeIgniter\CodeIgniter))
10 FCPATH\index.php(59): CodeIgniter\Boot::bootWeb(Object(Config\Paths))
CRITICAL - 2025-07-10 17:32:28 --> CodeIgniter\View\Exceptions\ViewException: Invalid file: "layout_main.php"
[Method: GET, Route: /]
in SYSTEMPATH\Exceptions\FrameworkException.php on line 39.
 1 SYSTEMPATH\View\View.php(212): CodeIgniter\Exceptions\FrameworkException::forInvalidFile('layout_main.php')
 2 SYSTEMPATH\View\View.php(240): CodeIgniter\View\View->render('layout_main', [], true)
 3 SYSTEMPATH\Common.php(1173): CodeIgniter\View\View->render('inicio', [], true)
 4 APPPATH\Controllers\Home.php(14): view('inicio', [...])
 5 SYSTEMPATH\CodeIgniter.php(933): App\Controllers\Home->index()
 6 SYSTEMPATH\CodeIgniter.php(507): CodeIgniter\CodeIgniter->runController(Object(App\Controllers\Home))
 7 SYSTEMPATH\CodeIgniter.php(354): CodeIgniter\CodeIgniter->handleRequest(null, Object(Config\Cache), false)
 8 SYSTEMPATH\Boot.php(334): CodeIgniter\CodeIgniter->run()
 9 SYSTEMPATH\Boot.php(67): CodeIgniter\Boot::runCodeIgniter(Object(CodeIgniter\CodeIgniter))
10 FCPATH\index.php(59): CodeIgniter\Boot::bootWeb(Object(Config\Paths))
CRITICAL - 2025-07-10 17:32:43 --> CodeIgniter\View\Exceptions\ViewException: Invalid file: "layout_main.php"
[Method: GET, Route: /]
in SYSTEMPATH\Exceptions\FrameworkException.php on line 39.
 1 SYSTEMPATH\View\View.php(212): CodeIgniter\Exceptions\FrameworkException::forInvalidFile('layout_main.php')
 2 SYSTEMPATH\View\View.php(240): CodeIgniter\View\View->render('layout_main', [], true)
 3 SYSTEMPATH\Common.php(1173): CodeIgniter\View\View->render('inicio', [], true)
 4 APPPATH\Controllers\Home.php(14): view('inicio', [...])
 5 SYSTEMPATH\CodeIgniter.php(933): App\Controllers\Home->index()
 6 SYSTEMPATH\CodeIgniter.php(507): CodeIgniter\CodeIgniter->runController(Object(App\Controllers\Home))
 7 SYSTEMPATH\CodeIgniter.php(354): CodeIgniter\CodeIgniter->handleRequest(null, Object(Config\Cache), false)
 8 SYSTEMPATH\Boot.php(334): CodeIgniter\CodeIgniter->run()
 9 SYSTEMPATH\Boot.php(67): CodeIgniter\Boot::runCodeIgniter(Object(CodeIgniter\CodeIgniter))
10 FCPATH\index.php(59): CodeIgniter\Boot::bootWeb(Object(Config\Paths))
CRITICAL - 2025-07-10 17:32:44 --> CodeIgniter\View\Exceptions\ViewException: Invalid file: "layout_main.php"
[Method: GET, Route: /]
in SYSTEMPATH\Exceptions\FrameworkException.php on line 39.
 1 SYSTEMPATH\View\View.php(212): CodeIgniter\Exceptions\FrameworkException::forInvalidFile('layout_main.php')
 2 SYSTEMPATH\View\View.php(240): CodeIgniter\View\View->render('layout_main', [], true)
 3 SYSTEMPATH\Common.php(1173): CodeIgniter\View\View->render('inicio', [], true)
 4 APPPATH\Controllers\Home.php(14): view('inicio', [...])
 5 SYSTEMPATH\CodeIgniter.php(933): App\Controllers\Home->index()
 6 SYSTEMPATH\CodeIgniter.php(507): CodeIgniter\CodeIgniter->runController(Object(App\Controllers\Home))
 7 SYSTEMPATH\CodeIgniter.php(354): CodeIgniter\CodeIgniter->handleRequest(null, Object(Config\Cache), false)
 8 SYSTEMPATH\Boot.php(334): CodeIgniter\CodeIgniter->run()
 9 SYSTEMPATH\Boot.php(67): CodeIgniter\Boot::runCodeIgniter(Object(CodeIgniter\CodeIgniter))
10 FCPATH\index.php(59): CodeIgniter\Boot::bootWeb(Object(Config\Paths))
CRITICAL - 2025-07-10 17:32:45 --> CodeIgniter\View\Exceptions\ViewException: Invalid file: "layout_main.php"
[Method: GET, Route: /]
in SYSTEMPATH\Exceptions\FrameworkException.php on line 39.
 1 SYSTEMPATH\View\View.php(212): CodeIgniter\Exceptions\FrameworkException::forInvalidFile('layout_main.php')
 2 SYSTEMPATH\View\View.php(240): CodeIgniter\View\View->render('layout_main', [], true)
 3 SYSTEMPATH\Common.php(1173): CodeIgniter\View\View->render('inicio', [], true)
 4 APPPATH\Controllers\Home.php(14): view('inicio', [...])
 5 SYSTEMPATH\CodeIgniter.php(933): App\Controllers\Home->index()
 6 SYSTEMPATH\CodeIgniter.php(507): CodeIgniter\CodeIgniter->runController(Object(App\Controllers\Home))
 7 SYSTEMPATH\CodeIgniter.php(354): CodeIgniter\CodeIgniter->handleRequest(null, Object(Config\Cache), false)
 8 SYSTEMPATH\Boot.php(334): CodeIgniter\CodeIgniter->run()
 9 SYSTEMPATH\Boot.php(67): CodeIgniter\Boot::runCodeIgniter(Object(CodeIgniter\CodeIgniter))
10 FCPATH\index.php(59): CodeIgniter\Boot::bootWeb(Object(Config\Paths))
CRITICAL - 2025-07-10 17:32:46 --> CodeIgniter\View\Exceptions\ViewException: Invalid file: "layout_main.php"
[Method: GET, Route: /]
in SYSTEMPATH\Exceptions\FrameworkException.php on line 39.
 1 SYSTEMPATH\View\View.php(212): CodeIgniter\Exceptions\FrameworkException::forInvalidFile('layout_main.php')
 2 SYSTEMPATH\View\View.php(240): CodeIgniter\View\View->render('layout_main', [], true)
 3 SYSTEMPATH\Common.php(1173): CodeIgniter\View\View->render('inicio', [], true)
 4 APPPATH\Controllers\Home.php(14): view('inicio', [...])
 5 SYSTEMPATH\CodeIgniter.php(933): App\Controllers\Home->index()
 6 SYSTEMPATH\CodeIgniter.php(507): CodeIgniter\CodeIgniter->runController(Object(App\Controllers\Home))
 7 SYSTEMPATH\CodeIgniter.php(354): CodeIgniter\CodeIgniter->handleRequest(null, Object(Config\Cache), false)
 8 SYSTEMPATH\Boot.php(334): CodeIgniter\CodeIgniter->run()
 9 SYSTEMPATH\Boot.php(67): CodeIgniter\Boot::runCodeIgniter(Object(CodeIgniter\CodeIgniter))
10 FCPATH\index.php(59): CodeIgniter\Boot::bootWeb(Object(Config\Paths))
CRITICAL - 2025-07-10 17:32:52 --> CodeIgniter\View\Exceptions\ViewException: Invalid file: "layout_main.php"
[Method: GET, Route: /]
in SYSTEMPATH\Exceptions\FrameworkException.php on line 39.
 1 SYSTEMPATH\View\View.php(212): CodeIgniter\Exceptions\FrameworkException::forInvalidFile('layout_main.php')
 2 SYSTEMPATH\View\View.php(240): CodeIgniter\View\View->render('layout_main', [], true)
 3 SYSTEMPATH\Common.php(1173): CodeIgniter\View\View->render('inicio', [], true)
 4 APPPATH\Controllers\Home.php(14): view('inicio', [...])
 5 SYSTEMPATH\CodeIgniter.php(933): App\Controllers\Home->index()
 6 SYSTEMPATH\CodeIgniter.php(507): CodeIgniter\CodeIgniter->runController(Object(App\Controllers\Home))
 7 SYSTEMPATH\CodeIgniter.php(354): CodeIgniter\CodeIgniter->handleRequest(null, Object(Config\Cache), false)
 8 SYSTEMPATH\Boot.php(334): CodeIgniter\CodeIgniter->run()
 9 SYSTEMPATH\Boot.php(67): CodeIgniter\Boot::runCodeIgniter(Object(CodeIgniter\CodeIgniter))
10 FCPATH\index.php(59): CodeIgniter\Boot::bootWeb(Object(Config\Paths))
CRITICAL - 2025-07-10 17:32:53 --> CodeIgniter\View\Exceptions\ViewException: Invalid file: "layout_main.php"
[Method: GET, Route: /]
in SYSTEMPATH\Exceptions\FrameworkException.php on line 39.
 1 SYSTEMPATH\View\View.php(212): CodeIgniter\Exceptions\FrameworkException::forInvalidFile('layout_main.php')
 2 SYSTEMPATH\View\View.php(240): CodeIgniter\View\View->render('layout_main', [], true)
 3 SYSTEMPATH\Common.php(1173): CodeIgniter\View\View->render('inicio', [], true)
 4 APPPATH\Controllers\Home.php(14): view('inicio', [...])
 5 SYSTEMPATH\CodeIgniter.php(933): App\Controllers\Home->index()
 6 SYSTEMPATH\CodeIgniter.php(507): CodeIgniter\CodeIgniter->runController(Object(App\Controllers\Home))
 7 SYSTEMPATH\CodeIgniter.php(354): CodeIgniter\CodeIgniter->handleRequest(null, Object(Config\Cache), false)
 8 SYSTEMPATH\Boot.php(334): CodeIgniter\CodeIgniter->run()
 9 SYSTEMPATH\Boot.php(67): CodeIgniter\Boot::runCodeIgniter(Object(CodeIgniter\CodeIgniter))
10 FCPATH\index.php(59): CodeIgniter\Boot::bootWeb(Object(Config\Paths))
CRITICAL - 2025-07-10 17:33:11 --> CodeIgniter\View\Exceptions\ViewException: Invalid file: "layout_main.php"
[Method: GET, Route: blog]
in SYSTEMPATH\Exceptions\FrameworkException.php on line 39.
 1 SYSTEMPATH\View\View.php(212): CodeIgniter\Exceptions\FrameworkException::forInvalidFile('layout_main.php')
 2 SYSTEMPATH\View\View.php(240): CodeIgniter\View\View->render('layout_main', [], true)
 3 SYSTEMPATH\Common.php(1173): CodeIgniter\View\View->render('blog/index', [], true)
 4 APPPATH\Controllers\Blog.php(56): view('blog/index', [...])
 5 SYSTEMPATH\CodeIgniter.php(933): App\Controllers\Blog->index()
 6 SYSTEMPATH\CodeIgniter.php(507): CodeIgniter\CodeIgniter->runController(Object(App\Controllers\Blog))
 7 SYSTEMPATH\CodeIgniter.php(354): CodeIgniter\CodeIgniter->handleRequest(null, Object(Config\Cache), false)
 8 SYSTEMPATH\Boot.php(334): CodeIgniter\CodeIgniter->run()
 9 SYSTEMPATH\Boot.php(67): CodeIgniter\Boot::runCodeIgniter(Object(CodeIgniter\CodeIgniter))
10 FCPATH\index.php(59): CodeIgniter\Boot::bootWeb(Object(Config\Paths))
CRITICAL - 2025-07-10 17:33:16 --> CodeIgniter\View\Exceptions\ViewException: Invalid file: "layout_main.php"
[Method: GET, Route: /]
in SYSTEMPATH\Exceptions\FrameworkException.php on line 39.
 1 SYSTEMPATH\View\View.php(212): CodeIgniter\Exceptions\FrameworkException::forInvalidFile('layout_main.php')
 2 SYSTEMPATH\View\View.php(240): CodeIgniter\View\View->render('layout_main', [], true)
 3 SYSTEMPATH\Common.php(1173): CodeIgniter\View\View->render('inicio', [], true)
 4 APPPATH\Controllers\Home.php(14): view('inicio', [...])
 5 SYSTEMPATH\CodeIgniter.php(933): App\Controllers\Home->index()
 6 SYSTEMPATH\CodeIgniter.php(507): CodeIgniter\CodeIgniter->runController(Object(App\Controllers\Home))
 7 SYSTEMPATH\CodeIgniter.php(354): CodeIgniter\CodeIgniter->handleRequest(null, Object(Config\Cache), false)
 8 SYSTEMPATH\Boot.php(334): CodeIgniter\CodeIgniter->run()
 9 SYSTEMPATH\Boot.php(67): CodeIgniter\Boot::runCodeIgniter(Object(CodeIgniter\CodeIgniter))
10 FCPATH\index.php(59): CodeIgniter\Boot::bootWeb(Object(Config\Paths))
CRITICAL - 2025-07-10 17:33:16 --> CodeIgniter\View\Exceptions\ViewException: Invalid file: "layout_main.php"
[Method: GET, Route: /]
in SYSTEMPATH\Exceptions\FrameworkException.php on line 39.
 1 SYSTEMPATH\View\View.php(212): CodeIgniter\Exceptions\FrameworkException::forInvalidFile('layout_main.php')
 2 SYSTEMPATH\View\View.php(240): CodeIgniter\View\View->render('layout_main', [], true)
 3 SYSTEMPATH\Common.php(1173): CodeIgniter\View\View->render('inicio', [], true)
 4 APPPATH\Controllers\Home.php(14): view('inicio', [...])
 5 SYSTEMPATH\CodeIgniter.php(933): App\Controllers\Home->index()
 6 SYSTEMPATH\CodeIgniter.php(507): CodeIgniter\CodeIgniter->runController(Object(App\Controllers\Home))
 7 SYSTEMPATH\CodeIgniter.php(354): CodeIgniter\CodeIgniter->handleRequest(null, Object(Config\Cache), false)
 8 SYSTEMPATH\Boot.php(334): CodeIgniter\CodeIgniter->run()
 9 SYSTEMPATH\Boot.php(67): CodeIgniter\Boot::runCodeIgniter(Object(CodeIgniter\CodeIgniter))
10 FCPATH\index.php(59): CodeIgniter\Boot::bootWeb(Object(Config\Paths))
CRITICAL - 2025-07-10 18:03:07 --> ErrorException: Undefined array key "fecha"
[Method: GET, Route: blog]
in APPPATH\Views\blog\index.php on line 48.
 1 APPPATH\Views\blog\index.php(48): CodeIgniter\Debug\Exceptions->errorHandler(2, 'Undefined array key "fecha"', 'C:\\xampp\\htdocs\\abogado_guerreros\\app\\Views\\blog\\index.php', 48)
 2 SYSTEMPATH\View\View.php(224): include('C:\\xampp\\htdocs\\abogado_guerreros\\app\\Views\\blog\\index.php')
 3 SYSTEMPATH\View\View.php(227): CodeIgniter\View\View->CodeIgniter\View\{closure}()
 4 SYSTEMPATH\Common.php(1173): CodeIgniter\View\View->render('blog/index', [], true)
 5 APPPATH\Controllers\Blog.php(56): view('blog/index', [...])
 6 SYSTEMPATH\CodeIgniter.php(933): App\Controllers\Blog->index()
 7 SYSTEMPATH\CodeIgniter.php(507): CodeIgniter\CodeIgniter->runController(Object(App\Controllers\Blog))
 8 SYSTEMPATH\CodeIgniter.php(354): CodeIgniter\CodeIgniter->handleRequest(null, Object(Config\Cache), false)
 9 SYSTEMPATH\Boot.php(334): CodeIgniter\CodeIgniter->run()
10 SYSTEMPATH\Boot.php(67): CodeIgniter\Boot::runCodeIgniter(Object(CodeIgniter\CodeIgniter))
11 FCPATH\index.php(59): CodeIgniter\Boot::bootWeb(Object(Config\Paths))
CRITICAL - 2025-07-10 18:03:27 --> ErrorException: Undefined array key "fecha"
[Method: GET, Route: blog]
in APPPATH\Views\blog\index.php on line 48.
 1 APPPATH\Views\blog\index.php(48): CodeIgniter\Debug\Exceptions->errorHandler(2, 'Undefined array key "fecha"', 'C:\\xampp\\htdocs\\abogado_guerreros\\app\\Views\\blog\\index.php', 48)
 2 SYSTEMPATH\View\View.php(224): include('C:\\xampp\\htdocs\\abogado_guerreros\\app\\Views\\blog\\index.php')
 3 SYSTEMPATH\View\View.php(227): CodeIgniter\View\View->CodeIgniter\View\{closure}()
 4 SYSTEMPATH\Common.php(1173): CodeIgniter\View\View->render('blog/index', [], true)
 5 APPPATH\Controllers\Blog.php(56): view('blog/index', [...])
 6 SYSTEMPATH\CodeIgniter.php(933): App\Controllers\Blog->index()
 7 SYSTEMPATH\CodeIgniter.php(507): CodeIgniter\CodeIgniter->runController(Object(App\Controllers\Blog))
 8 SYSTEMPATH\CodeIgniter.php(354): CodeIgniter\CodeIgniter->handleRequest(null, Object(Config\Cache), false)
 9 SYSTEMPATH\Boot.php(334): CodeIgniter\CodeIgniter->run()
10 SYSTEMPATH\Boot.php(67): CodeIgniter\Boot::runCodeIgniter(Object(CodeIgniter\CodeIgniter))
11 FCPATH\index.php(59): CodeIgniter\Boot::bootWeb(Object(Config\Paths))
CRITICAL - 2025-07-10 18:03:28 --> ErrorException: Undefined array key "fecha"
[Method: GET, Route: blog]
in APPPATH\Views\blog\index.php on line 48.
 1 APPPATH\Views\blog\index.php(48): CodeIgniter\Debug\Exceptions->errorHandler(2, 'Undefined array key "fecha"', 'C:\\xampp\\htdocs\\abogado_guerreros\\app\\Views\\blog\\index.php', 48)
 2 SYSTEMPATH\View\View.php(224): include('C:\\xampp\\htdocs\\abogado_guerreros\\app\\Views\\blog\\index.php')
 3 SYSTEMPATH\View\View.php(227): CodeIgniter\View\View->CodeIgniter\View\{closure}()
 4 SYSTEMPATH\Common.php(1173): CodeIgniter\View\View->render('blog/index', [], true)
 5 APPPATH\Controllers\Blog.php(56): view('blog/index', [...])
 6 SYSTEMPATH\CodeIgniter.php(933): App\Controllers\Blog->index()
 7 SYSTEMPATH\CodeIgniter.php(507): CodeIgniter\CodeIgniter->runController(Object(App\Controllers\Blog))
 8 SYSTEMPATH\CodeIgniter.php(354): CodeIgniter\CodeIgniter->handleRequest(null, Object(Config\Cache), false)
 9 SYSTEMPATH\Boot.php(334): CodeIgniter\CodeIgniter->run()
10 SYSTEMPATH\Boot.php(67): CodeIgniter\Boot::runCodeIgniter(Object(CodeIgniter\CodeIgniter))
11 FCPATH\index.php(59): CodeIgniter\Boot::bootWeb(Object(Config\Paths))
